Copyright 1986-2019 Xilinx, Inc. All Rights Reserved.
----------------------------------------------------------------------------------------
| Tool Version     : Vivado v.2019.2 (lin64) Build 2708876 Wed Nov  6 21:39:14 MST 2019
| Date             : Tue Dec  8 18:02:57 2020
| Host             : esteban running 64-bit Ubuntu 18.04.5 LTS
| Command          : report_power -file nexys4ddr_power.rpt
| Design           : nexys4ddr
| Device           : xc7a100tcsg324-1
| Design State     : routed
| Grade            : commercial
| Process          : typical
| Characterization : Production
----------------------------------------------------------------------------------------

Power Report

Table of Contents
-----------------
1. Summary
1.1 On-Chip Components
1.2 Power Supply Summary
1.3 Confidence Level
2. Settings
2.1 Environment
2.2 Clock Constraints
3. Detailed Reports
3.1 By Hierarchy

1. Summary
----------

+--------------------------+----------------------------------+
| Total On-Chip Power (W)  | 76.038 (Junction temp exceeded!) |
| Design Power Budget (W)  | Unspecified*                     |
| Power Budget Margin (W)  | NA                               |
| Dynamic (W)              | 75.225                           |
| Device Static (W)        | 0.813                            |
| Effective TJA (C/W)      | 4.6                              |
| Max Ambient (C)          | 0.0                              |
| Junction Temperature (C) | 125.0                            |
| Confidence Level         | Low                              |
| Setting File             | ---                              |
| Simulation Activity File | ---                              |
| Design Nets Matched      | NA                               |
+--------------------------+----------------------------------+
* Specify Design Power Budget using, set_operating_conditions -design_power_budget <value in Watts>


1.1 On-Chip Components
----------------------

+--------------------------+-----------+----------+-----------+-----------------+
| On-Chip                  | Power (W) | Used     | Available | Utilization (%) |
+--------------------------+-----------+----------+-----------+-----------------+
| Slice Logic              |     9.617 |     6586 |       --- |             --- |
|   LUT as Logic           |     7.940 |     2948 |     63400 |            4.65 |
|   CARRY4                 |     0.890 |      331 |     15850 |            2.09 |
|   Register               |     0.436 |     2540 |    126800 |            2.00 |
|   LUT as Distributed RAM |     0.313 |      104 |     19000 |            0.55 |
|   BUFG                   |     0.035 |        6 |        32 |           18.75 |
|   F7/F8 Muxes            |     0.002 |       18 |     63400 |            0.03 |
|   Others                 |     0.000 |       19 |       --- |             --- |
| Signals                  |    10.767 |     4926 |       --- |             --- |
| Block RAM                |     3.565 |       26 |       135 |           19.26 |
| MMCM                     |     4.371 |        1 |         6 |           16.67 |
| DSPs                     |     0.396 |        1 |       240 |            0.42 |
| I/O                      |    46.510 |       74 |       210 |           35.24 |
| Static Power             |     0.813 |          |           |                 |
| Total                    |    76.038 |          |           |                 |
+--------------------------+-----------+----------+-----------+-----------------+


1.2 Power Supply Summary
------------------------

+-----------+-------------+-----------+-------------+------------+
| Source    | Voltage (V) | Total (A) | Dynamic (A) | Static (A) |
+-----------+-------------+-----------+-------------+------------+
| Vccint    |       1.000 |    24.746 |      24.175 |      0.570 |
| Vccaux    |       1.800 |     4.200 |       4.107 |      0.093 |
| Vcco33    |       3.300 |    13.141 |      13.137 |      0.004 |
| Vcco25    |       2.500 |     0.000 |       0.000 |      0.000 |
| Vcco18    |       1.800 |     0.000 |       0.000 |      0.000 |
| Vcco15    |       1.500 |     0.000 |       0.000 |      0.000 |
| Vcco135   |       1.350 |     0.000 |       0.000 |      0.000 |
| Vcco12    |       1.200 |     0.000 |       0.000 |      0.000 |
| Vccaux_io |       1.800 |     0.000 |       0.000 |      0.000 |
| Vccbram   |       1.000 |     0.331 |       0.305 |      0.026 |
| MGTAVcc   |       1.000 |     0.000 |       0.000 |      0.000 |
| MGTAVtt   |       1.200 |     0.000 |       0.000 |      0.000 |
| Vccadc    |       1.800 |     0.020 |       0.000 |      0.020 |
+-----------+-------------+-----------+-------------+------------+


1.3 Confidence Level
--------------------

+-----------------------------+------------+--------------------------------------------------------+--------------------------------------------------------------------------------------------------------------------+
| User Input Data             | Confidence | Details                                                | Action                                                                                                             |
+-----------------------------+------------+--------------------------------------------------------+--------------------------------------------------------------------------------------------------------------------+
| Design implementation state | High       | Design is routed                                       |                                                                                                                    |
| Clock nodes activity        | Low        | User specified less than 75% of clocks                 | Provide missing clock activity with a constraint file, simulation results or by editing the "By Clock Domain" view |
| I/O nodes activity          | Low        | More than 75% of inputs are missing user specification | Provide missing input activity with simulation results or by editing the "By Resource Type -> I/Os" view           |
| Internal nodes activity     | Medium     | User specified less than 25% of internal nodes         | Provide missing internal nodes activity with simulation results or by editing the "By Resource Type" views         |
| Device models               | High       | Device models are Production                           |                                                                                                                    |
|                             |            |                                                        |                                                                                                                    |
| Overall confidence level    | Low        |                                                        |                                                                                                                    |
+-----------------------------+------------+--------------------------------------------------------+--------------------------------------------------------------------------------------------------------------------+


2. Settings
-----------

2.1 Environment
---------------

+-----------------------+--------------------------+
| Ambient Temp (C)      | 25.0                     |
| ThetaJA (C/W)         | 4.6                      |
| Airflow (LFM)         | 250                      |
| Heat Sink             | medium (Medium Profile)  |
| ThetaSA (C/W)         | 4.6                      |
| Board Selection       | medium (10"x10")         |
| # of Board Layers     | 12to15 (12 to 15 Layers) |
| Board Temperature (C) | 25.0                     |
+-----------------------+--------------------------+


2.2 Clock Constraints
---------------------

+-------+--------+-----------------+
| Clock | Domain | Constraint (ns) |
+-------+--------+-----------------+


3. Detailed Reports
-------------------

3.1 By Hierarchy
----------------

+-------------------------------+-----------+
| Name                          | Power (W) |
+-------------------------------+-----------+
| nexys4ddr                     |    75.225 |
|   camara                      |     7.831 |
|     DP_RAM                    |     1.970 |
|     VGA_640x480               |     0.504 |
|     cam_read                  |     0.507 |
|     clk25_24                  |     4.430 |
|       inst                    |     4.430 |
|   picorv32                    |    13.719 |
|     cpuregs_reg_r1_0_63_0_2   |     0.022 |
|     cpuregs_reg_r1_0_63_12_14 |     0.020 |
|     cpuregs_reg_r1_0_63_15_17 |     0.020 |
|     cpuregs_reg_r1_0_63_18_20 |     0.022 |
|     cpuregs_reg_r1_0_63_21_23 |     0.021 |
|     cpuregs_reg_r1_0_63_24_26 |     0.021 |
|     cpuregs_reg_r1_0_63_27_29 |     0.020 |
|     cpuregs_reg_r1_0_63_30_31 |     0.017 |
|     cpuregs_reg_r1_0_63_3_5   |     0.028 |
|     cpuregs_reg_r1_0_63_6_8   |     0.016 |
|     cpuregs_reg_r1_0_63_9_11  |     0.019 |
|     cpuregs_reg_r2_0_63_0_2   |     0.029 |
|     cpuregs_reg_r2_0_63_12_14 |     0.035 |
|     cpuregs_reg_r2_0_63_15_17 |     0.031 |
|     cpuregs_reg_r2_0_63_18_20 |     0.035 |
|     cpuregs_reg_r2_0_63_21_23 |     0.032 |
|     cpuregs_reg_r2_0_63_24_26 |     0.038 |
|     cpuregs_reg_r2_0_63_27_29 |     0.035 |
|     cpuregs_reg_r2_0_63_30_31 |     0.031 |
|     cpuregs_reg_r2_0_63_3_5   |     0.031 |
|     cpuregs_reg_r2_0_63_6_8   |     0.034 |
|     cpuregs_reg_r2_0_63_9_11  |     0.037 |
|     pcpi_div                  |     2.013 |
|     pcpi_mul                  |     1.380 |
+-------------------------------+-----------+


